\BOOKMARK [0][-]{Doc-Start}{\376\377\000R\000\351\000s\000u\000m\000\351}{}% 1
\BOOKMARK [0][-]{chapter*.1}{\376\377\000I\000n\000t\000r\000o\000d\000u\000c\000t\000i\000o\000n}{}% 2
\BOOKMARK [-1][-]{part.1}{\376\377\000I\000\040\000C\000o\000n\000t\000e\000x\000t\000e\000\040\000e\000t\000\040\000p\000r\000o\000b\000l\000\351\000m\000a\000t\000i\000q\000u\000e}{}% 3
\BOOKMARK [0][-]{chapter.1}{\376\377\000P\000r\000\351\000s\000e\000n\000t\000a\000t\000i\000o\000n\000\040\000d\000u\000\040\000d\000o\000m\000a\000i\000n\000e\000\040\000e\000t\000\040\000d\000e\000s\000\040\000e\000n\000j\000e\000u\000x\000\040\000e\000n\000\040\000c\000y\000b\000e\000r\000s\000\351\000c\000u\000r\000i\000t\000\351}{part.1}% 4
\BOOKMARK [1][-]{section.1.1}{}{chapter.1}% 5
\BOOKMARK [2][-]{subsection.1.1.1}{}{section.1.1}% 6
\BOOKMARK [3][-]{subsubsection.1.1.1.1}{}{subsection.1.1.1}% 7
\BOOKMARK [0][-]{chapter.2}{\376\377\000I\000m\000p\000o\000r\000t\000a\000n\000c\000e\000\040\000d\000e\000\040\000l\000a\000\040\000d\000\351\000t\000e\000c\000t\000i\000o\000n\000\040\000d\000e\000s\000\040\000v\000u\000l\000n\000\351\000r\000a\000b\000i\000l\000i\000t\000\351\000s}{part.1}% 8
\BOOKMARK [1][-]{section.2.1}{}{chapter.2}% 9
\BOOKMARK [2][-]{subsection.2.1.1}{}{section.2.1}% 10
\BOOKMARK [3][-]{subsubsection.2.1.1.1}{}{subsection.2.1.1}% 11
\BOOKMARK [1][-]{section.2.2}{}{chapter.2}% 12
\BOOKMARK [0][-]{chapter.3}{\376\377\000P\000r\000o\000b\000l\000\350\000m\000e\000s\000\040\000d\000e\000s\000\040\000m\000\351\000t\000h\000o\000d\000e\000s\000\040\000c\000l\000a\000s\000s\000i\000q\000u\000e\000s\000\040\000e\000t\000\040\000d\000\351\000f\000i\000s\000\040\000p\000o\000s\000\351\000s\000\040\000p\000a\000r\000\040\000l\000a\000\040\000d\000\351\000t\000e\000c\000t\000i\000o\000n\000\040\000e\000n\000\040\000t\000e\000m\000p\000s\000\040\000r\000\351\000e\000l}{part.1}% 13
\BOOKMARK [1][-]{section.3.1}{}{chapter.3}% 14
\BOOKMARK [2][-]{subsection.3.1.1}{}{section.3.1}% 15
\BOOKMARK [3][-]{subsubsection.3.1.1.1}{}{subsection.3.1.1}% 16
\BOOKMARK [-1][-]{part.2}{\376\377\000I\000I\000\040\000A\000p\000p\000o\000r\000t\000s\000\040\000s\000c\000i\000e\000n\000t\000i\000f\000i\000q\000u\000e\000s\000\040\000d\000e\000\040\000l\040\031\000a\000r\000t\000i\000c\000l\000e}{}% 17
\BOOKMARK [0][-]{chapter.4}{\376\377\000E\000x\000p\000l\000i\000c\000a\000t\000i\000o\000n\000\040\000d\000e\000s\000\040\000t\000r\000o\000i\000s\000\040\000a\000p\000p\000r\000o\000c\000h\000e\000s\000\040\000\050\000Z\000e\000r\000o\000-\000s\000h\000o\000t\000,\000\040\000F\000e\000w\000-\000s\000h\000o\000t\000,\000\040\000F\000i\000n\000e\000-\000t\000u\000n\000i\000n\000g\000\051}{part.2}% 18
\BOOKMARK [1][-]{section.4.1}{}{chapter.4}% 19
\BOOKMARK [2][-]{subsection.4.1.1}{}{section.4.1}% 20
\BOOKMARK [3][-]{subsubsection.4.1.1.1}{}{subsection.4.1.1}% 21
\BOOKMARK [0][-]{chapter.5}{\376\377\000P\000r\000\351\000s\000e\000n\000t\000a\000t\000i\000o\000n\000\040\000d\000e\000s\000\040\000m\000o\000d\000\350\000l\000e\000s\000\040\000u\000t\000i\000l\000i\000s\000\351\000s\000\040\000\050\000C\000o\000d\000e\000B\000E\000R\000T\000,\000\040\000C\000o\000d\000e\000-\000D\000a\000v\000i\000n\000c\000i\000-\0000\0000\0002\000,\000\040\000T\000e\000x\000t\000-\000D\000a\000v\000i\000n\000c\000i\000-\0000\0000\0003\000\051}{part.2}% 22
\BOOKMARK [1][-]{section.5.1}{}{chapter.5}% 23
\BOOKMARK [2][-]{subsection.5.1.1}{}{section.5.1}% 24
\BOOKMARK [3][-]{subsubsection.5.1.1.1}{}{subsection.5.1.1}% 25
\BOOKMARK [0][-]{chapter.6}{\376\377\000E\000x\000p\000\351\000r\000i\000m\000e\000n\000t\000a\000t\000i\000o\000n\000s\000\040\000e\000t\000\040\000r\000\351\000s\000u\000l\000t\000a\000t\000s\000\040\000o\000b\000s\000e\000r\000v\000\351\000s}{part.2}% 26
\BOOKMARK [1][-]{section.6.1}{}{chapter.6}% 27
\BOOKMARK [2][-]{subsection.6.1.1}{}{section.6.1}% 28
\BOOKMARK [3][-]{subsubsection.6.1.1.1}{}{subsection.6.1.1}% 29
\BOOKMARK [-1][-]{part.3}{\376\377\000I\000I\000I\000\040\000I\000m\000p\000a\000c\000t\000s\000\040\000e\000t\000\040\000a\000p\000p\000l\000i\000c\000a\000t\000i\000o\000n\000s}{}% 30
\BOOKMARK [0][-]{chapter.7}{\376\377\000A\000m\000\351\000l\000i\000o\000r\000a\000t\000i\000o\000n\000s\000\040\000d\000u\000\040\000d\000\351\000v\000e\000l\000o\000p\000p\000e\000m\000e\000n\000t\000\040\000l\000o\000g\000i\000c\000i\000e\000l\000\040\000:\000\040}{part.3}% 31
\BOOKMARK [1][-]{section.7.1}{\376\377\000D\000e\000s\000\040\000o\000u\000t\000i\000l\000s\000\040\000d\000e\000\040\000d\000\351\000t\000e\000c\000t\000i\000o\000n\000\040\000c\000l\000a\000s\000s\000i\000q\000u\000e\000\040\000:\000\040\000q\000u\000e\000l\000\040\000p\000o\000i\000n\000t\000\040\000d\000e\000\040\000d\000\351\000p\000a\000r\000t\000\040\000?}{chapter.7}% 32
\BOOKMARK [2][-]{subsection.7.1.1}{}{section.7.1}% 33
\BOOKMARK [3][-]{subsubsection.7.1.1.1}{}{subsection.7.1.1}% 34
\BOOKMARK [2][-]{subsection.7.1.2}{\376\377\000D\000\351\000t\000e\000c\000t\000i\000o\000n\000\040\000d\000e\000\040\000v\000u\000l\000n\000\351\000r\000a\000b\000i\000l\000i\000t\000\351\000s\000\040\000p\000a\000r\000\040\000l\000e\000\040\000D\000e\000e\000p\000\040\000L\000e\000a\000r\000n\000i\000n\000g\000\040\000:\000\040\000u\000n\000\040\000b\000r\000e\000f\000\040\000\351\000t\000a\000t\000\040\000d\000e\000\040\000l\000'\000a\000r\000t}{section.7.1}% 35
\BOOKMARK [2][-]{subsection.7.1.3}{\376\377\000C\000a\000s\000\040\000p\000a\000r\000t\000i\000c\000u\000l\000i\000e\000r\000\040\000d\000u\000\040\000c\000o\000d\000e\000\040\000g\000\351\000n\000\351\000r\000\351\000\040\000p\000a\000r\000\040\000d\000e\000s\000\040\000L\000L\000M}{section.7.1}% 36
\BOOKMARK [1][-]{section.7.2}{\376\377\000C\000o\000r\000r\000e\000c\000t\000i\000o\000n\000\040\000e\000t\000\040\000c\000o\000m\000p\000l\000\351\000t\000i\000o\000n\000\040\000p\000e\000n\000d\000a\000n\000t\000\040\000l\000a\000\040\000p\000h\000a\000s\000e\000\040\000d\000e\000\040\000d\000\351\000v\000e\000l\000o\000p\000p\000e\000m\000e\000n\000t\000\040\000:\000\040\000p\000r\000o\000m\000e\000s\000s\000e\000s\000\040\000e\000t\000\040\000d\000i\000f\000f\000i\000c\000u\000l\000t\000\351\000s\000\040\000r\000e\000n\000c\000o\000n\000t\000r\000\351\000e\000s}{chapter.7}% 37
\BOOKMARK [1][-]{section.7.3}{\376\377\000I\000n\000t\000e\000r\000p\000r\000\351\000t\000a\000t\000i\000o\000n\000\040\000d\000e\000s\000\040\000m\000\351\000t\000r\000i\000q\000u\000e\000s\000\040\000d\000e\000\040\000c\000l\000a\000s\000s\000i\000f\000i\000c\000a\000t\000i\000o\000n\000\040\000p\000r\000\351\000s\000e\000n\000t\000\351\000e\000s}{chapter.7}% 38
\BOOKMARK [0][-]{chapter.8}{\376\377\000\311\000t\000u\000d\000e\000s\000\040\000d\000e\000\040\000c\000a\000s\000\040\000e\000t\000\040\000i\000n\000t\000\351\000g\000r\000a\000t\000i\000o\000n\000\040\000d\000a\000n\000s\000\040\000u\000n\000\040\000I\000D\000E}{part.3}% 39
\BOOKMARK [1][-]{section.8.1}{\376\377\000D\000\351\000p\000l\000o\000i\000e\000m\000e\000n\000t\000\040\000d\000e\000s\000\040\000m\000o\000d\000\350\000l\000e\000s\000\040\000s\000u\000r\000\040\000V\000S\000C\000o\000d\000e}{chapter.8}% 40
\BOOKMARK [2][-]{subsection.8.1.1}{\376\377\000M\000\351\000t\000h\000o\000d\000o\000l\000o\000g\000i\000e\000\040\000i\000n\000h\000\351\000r\000e\000n\000t\000e\000\040\000a\000u\000\040\000d\000\351\000p\000l\000o\000i\000e\000m\000e\000n\000t}{section.8.1}% 41
\BOOKMARK [2][-]{subsection.8.1.2}{\376\377\000R\000\351\000s\000u\000l\000t\000a\000t\000s\000\040\000o\000b\000t\000e\000n\000u\000s}{section.8.1}% 42
\BOOKMARK [2][-]{subsection.8.1.3}{\376\377\000C\000a\000s\000\040\000d\000e\000\040\000f\000i\000g\000u\000r\000e\000\040\000n\000o\000n\000\040\000o\000u\000\040\000p\000a\000r\000t\000i\000e\000l\000l\000e\000m\000e\000n\000t\000\040\000c\000o\000u\000v\000e\000r\000t\000s\000\040\000p\000a\000r\000\040\000l\000'\000\351\000t\000u\000d\000e}{section.8.1}% 43
\BOOKMARK [0][-]{chapter.9}{\376\377\000C\000o\000n\000s\000\351\000q\000u\000e\000n\000c\000e\000s\000\040\000p\000o\000u\000r\000\040\000l\000'\000i\000n\000d\000u\000s\000t\000r\000i\000e\000\040\000e\000t\000\040\000l\000a\000\040\000r\000e\000c\000h\000e\000r\000c\000h\000e\000\040\000e\000n\000\040\000c\000y\000b\000e\000r\000s\000\351\000c\000u\000r\000i\000t\000\351\000\040\000:\000\040}{part.3}% 44
\BOOKMARK [1][-]{section.9.1}{}{chapter.9}% 45
\BOOKMARK [2][-]{subsection.9.1.1}{}{section.9.1}% 46
\BOOKMARK [3][-]{subsubsection.9.1.1.1}{}{subsection.9.1.1}% 47
\BOOKMARK [-1][-]{part.4}{\376\377\000I\000V\000\040\000A\000n\000a\000l\000y\000s\000e\000\040\000c\000r\000i\000t\000i\000q\000u\000e\000\040\000e\000t\000\040\000p\000e\000r\000s\000p\000e\000c\000t\000i\000v\000e\000s}{}% 48
\BOOKMARK [0][-]{chapter.10}{\376\377\000P\000r\000o\000b\000l\000\350\000m\000e\000s\000\040\000\351\000t\000h\000i\000q\000u\000e\000s\000\040\000e\000t\000\040\000l\000i\000m\000i\000t\000e\000s\000\040\000d\000e\000s\000\040\000m\000o\000d\000\350\000l\000e\000s\000\040\000d\040\031\000I\000A}{part.4}% 49
\BOOKMARK [1][-]{section.10.1}{}{chapter.10}% 50
\BOOKMARK [2][-]{subsection.10.1.1}{}{section.10.1}% 51
\BOOKMARK [3][-]{subsubsection.10.1.1.1}{}{subsection.10.1.1}% 52
\BOOKMARK [0][-]{chapter.11}{\376\377\000B\000i\000a\000i\000s\000,\000\040\000r\000e\000s\000p\000o\000n\000s\000a\000b\000i\000l\000i\000t\000\351\000\040\000e\000t\000\040\000r\000i\000s\000q\000u\000e\000s\000\040\000d\000'\000u\000t\000i\000l\000i\000s\000a\000t\000i\000o\000n\000\040\000m\000a\000l\000v\000e\000i\000l\000l\000a\000n\000t\000e}{part.4}% 53
\BOOKMARK [1][-]{section.11.1}{}{chapter.11}% 54
\BOOKMARK [2][-]{subsection.11.1.1}{}{section.11.1}% 55
\BOOKMARK [3][-]{subsubsection.11.1.1.1}{}{subsection.11.1.1}% 56
\BOOKMARK [0][-]{chapter.12}{\376\377\000S\000u\000g\000g\000e\000s\000t\000i\000o\000n\000s\000\040\000d\000'\000a\000m\000\351\000l\000i\000o\000r\000a\000t\000i\000o\000n\000s\000\040\000e\000t\000\040\000d\000i\000r\000e\000c\000t\000i\000o\000n\000s\000\040\000f\000u\000t\000u\000r\000e\000s}{part.4}% 57
\BOOKMARK [1][-]{section.12.1}{}{chapter.12}% 58
\BOOKMARK [2][-]{subsection.12.1.1}{}{section.12.1}% 59
\BOOKMARK [3][-]{subsubsection.12.1.1.1}{}{subsection.12.1.1}% 60
\BOOKMARK [0][-]{subsubsection.12.1.1.1}{\376\377\000C\000o\000n\000c\000l\000u\000s\000i\000o\000n}{part.4}% 61
\BOOKMARK [0][-]{chapter*.6}{\376\377\000A\000n\000n\000e\000x\000e\000\040\0001\000\040\000:}{part.4}% 62
\BOOKMARK [0][-]{chapter*.7}{\376\377\000A\000n\000n\000e\000x\000e\000\040\0002\000\040\000:}{part.4}% 63
\BOOKMARK [-1][-]{part.5}{\376\377\000V\000\040\000B\000i\000b\000l\000i\000o\000g\000r\000a\000p\000h\000i\000e}{}% 64
